<?xml version="1.0" encoding="UTF-8"?>
<testsuites name="jest tests" tests="2" failures="0" errors="0" time="6.225">
  <testsuite name="header test" errors="0" failures="0" skipped="0" timestamp="2024-01-09T17:53:23" time="4.722" tests="2">
    <testcase classname="header test correct Header Render" name="header test correct Header Render" time="0.284">
    </testcase>
    <testcase classname="header test handle login click" name="header test handle login click" time="0.041">
    </testcase>
  </testsuite>
</testsuites>